<?xml version="1.0" encoding="UTF-8"?>
<testng-results skipped="0" failed="1" ignored="4" total="12" passed="7">
  <reporter-output>
  </reporter-output>
  <suite name="Suite" duration-ms="229887" started-at="2020-10-16T10:47:09Z" finished-at="2020-10-16T10:50:59Z">
    <groups>
      <group name="regressionTest">
        <method signature="CreateContactTest.createContactWithOrg()[pri:0, instance:com.autodesk.contacttest.CreateContactTest@e50a6f6]" name="createContactWithOrg" class="com.autodesk.contacttest.CreateContactTest"/>
        <method signature="CreateOrgTest.createOrgWithIndustryTest()[pri:0, instance:com.autodest.organizationTest.CreateOrgTest@14ec4505]" name="createOrgWithIndustryTest" class="com.autodest.organizationTest.CreateOrgTest"/>
        <method signature="CreateContactTest.createContactWithOrg()[pri:0, instance:com.autodesk.contacttest.CreateContactTest@6ab7a896]" name="createContactWithOrg" class="com.autodesk.contacttest.CreateContactTest"/>
        <method signature="CreateOrgTest.createOrgWithIndustryTest()[pri:0, instance:com.autodest.organizationTest.CreateOrgTest@327b636c]" name="createOrgWithIndustryTest" class="com.autodest.organizationTest.CreateOrgTest"/>
      </group> <!-- regressionTest -->
      <group name="smokeTest">
        <method signature="CreateContactTest.createContactTest()[pri:0, instance:com.autodesk.contacttest.CreateContactTest@e50a6f6]" name="createContactTest" class="com.autodesk.contacttest.CreateContactTest"/>
        <method signature="CreateOrgTest.createOrgTest()[pri:0, instance:com.autodest.organizationTest.CreateOrgTest@14ec4505]" name="createOrgTest" class="com.autodest.organizationTest.CreateOrgTest"/>
        <method signature="CreateContactTest.createContactTest()[pri:0, instance:com.autodesk.contacttest.CreateContactTest@6ab7a896]" name="createContactTest" class="com.autodesk.contacttest.CreateContactTest"/>
        <method signature="CreateOrgTest.createOrgTest()[pri:0, instance:com.autodest.organizationTest.CreateOrgTest@327b636c]" name="createOrgTest" class="com.autodest.organizationTest.CreateOrgTest"/>
      </group> <!-- smokeTest -->
    </groups>
    <test name="Test-Chrome" duration-ms="182390" started-at="2020-10-16T10:47:09Z" finished-at="2020-10-16T10:50:11Z">
      <class name="com.autodest.organizationTest.CreateOrgTest">
        <test-method status="PASS" signature="configBC(java.lang.String)[pri:0, instance:com.autodest.organizationTest.CreateOrgTest@14ec4505]" name="configBC" is-config="true" duration-ms="6369" started-at="2020-10-16T10:48:56Z" finished-at="2020-10-16T10:49:02Z">
          <params>
            <param index="0">
              <value>
                <![CDATA[chrome]]>
              </value>
            </param>
          </params>
          <reporter-output>
          </reporter-output>
        </test-method> <!-- configBC -->
        <test-method status="PASS" signature="configBM()[pri:0, instance:com.autodest.organizationTest.CreateOrgTest@14ec4505]" name="configBM" is-config="true" duration-ms="9021" started-at="2020-10-16T10:49:02Z" finished-at="2020-10-16T10:49:11Z">
          <reporter-output>
          </reporter-output>
        </test-method> <!-- configBM -->
        <test-method status="PASS" signature="createOrgTest()[pri:0, instance:com.autodest.organizationTest.CreateOrgTest@14ec4505]" name="createOrgTest" duration-ms="19514" started-at="2020-10-16T10:49:11Z" finished-at="2020-10-16T10:49:31Z">
          <reporter-output>
          </reporter-output>
        </test-method> <!-- createOrgTest -->
        <test-method status="PASS" signature="configAM()[pri:0, instance:com.autodest.organizationTest.CreateOrgTest@14ec4505]" name="configAM" is-config="true" duration-ms="2007" started-at="2020-10-16T10:49:31Z" finished-at="2020-10-16T10:49:33Z">
          <reporter-output>
          </reporter-output>
        </test-method> <!-- configAM -->
        <test-method status="PASS" signature="configBM()[pri:0, instance:com.autodest.organizationTest.CreateOrgTest@14ec4505]" name="configBM" is-config="true" duration-ms="4026" started-at="2020-10-16T10:49:33Z" finished-at="2020-10-16T10:49:37Z">
          <reporter-output>
          </reporter-output>
        </test-method> <!-- configBM -->
        <test-method status="PASS" signature="createOrgWithIndustryTest()[pri:0, instance:com.autodest.organizationTest.CreateOrgTest@14ec4505]" name="createOrgWithIndustryTest" duration-ms="31602" started-at="2020-10-16T10:49:37Z" finished-at="2020-10-16T10:50:09Z">
          <reporter-output>
          </reporter-output>
        </test-method> <!-- createOrgWithIndustryTest -->
        <test-method status="PASS" signature="configAM()[pri:0, instance:com.autodest.organizationTest.CreateOrgTest@14ec4505]" name="configAM" is-config="true" duration-ms="2437" started-at="2020-10-16T10:50:09Z" finished-at="2020-10-16T10:50:11Z">
          <reporter-output>
          </reporter-output>
        </test-method> <!-- configAM -->
        <test-method status="PASS" signature="configAC()[pri:0, instance:com.autodest.organizationTest.CreateOrgTest@14ec4505]" name="configAC" is-config="true" duration-ms="203" started-at="2020-10-16T10:50:11Z" finished-at="2020-10-16T10:50:11Z">
          <reporter-output>
          </reporter-output>
        </test-method> <!-- configAC -->
      </class> <!-- com.autodest.organizationTest.CreateOrgTest -->
      <class name="com.autodesk.contacttest.CreateContactTest">
        <test-method status="PASS" signature="configBC(java.lang.String)[pri:0, instance:com.autodesk.contacttest.CreateContactTest@e50a6f6]" name="configBC" is-config="true" duration-ms="6253" started-at="2020-10-16T10:47:09Z" finished-at="2020-10-16T10:47:15Z">
          <params>
            <param index="0">
              <value>
                <![CDATA[chrome]]>
              </value>
            </param>
          </params>
          <reporter-output>
          </reporter-output>
        </test-method> <!-- configBC -->
        <test-method status="PASS" signature="configBM()[pri:0, instance:com.autodesk.contacttest.CreateContactTest@e50a6f6]" name="configBM" is-config="true" duration-ms="5572" started-at="2020-10-16T10:47:15Z" finished-at="2020-10-16T10:47:21Z">
          <reporter-output>
          </reporter-output>
        </test-method> <!-- configBM -->
        <test-method status="PASS" signature="createContactTest()[pri:0, instance:com.autodesk.contacttest.CreateContactTest@e50a6f6]" name="createContactTest" duration-ms="29596" started-at="2020-10-16T10:47:21Z" finished-at="2020-10-16T10:47:50Z">
          <reporter-output>
          </reporter-output>
        </test-method> <!-- createContactTest -->
        <test-method status="PASS" signature="configAM()[pri:0, instance:com.autodesk.contacttest.CreateContactTest@e50a6f6]" name="configAM" is-config="true" duration-ms="3819" started-at="2020-10-16T10:47:50Z" finished-at="2020-10-16T10:47:54Z">
          <reporter-output>
          </reporter-output>
        </test-method> <!-- configAM -->
        <test-method status="PASS" signature="configBM()[pri:0, instance:com.autodesk.contacttest.CreateContactTest@e50a6f6]" name="configBM" is-config="true" duration-ms="6695" started-at="2020-10-16T10:47:54Z" finished-at="2020-10-16T10:48:01Z">
          <reporter-output>
          </reporter-output>
        </test-method> <!-- configBM -->
        <test-method status="PASS" signature="createContactWithOrg()[pri:0, instance:com.autodesk.contacttest.CreateContactTest@e50a6f6]" name="createContactWithOrg" duration-ms="52652" started-at="2020-10-16T10:48:01Z" finished-at="2020-10-16T10:48:53Z">
          <reporter-output>
          </reporter-output>
        </test-method> <!-- createContactWithOrg -->
        <test-method status="PASS" signature="configAM()[pri:0, instance:com.autodesk.contacttest.CreateContactTest@e50a6f6]" name="configAM" is-config="true" duration-ms="2450" started-at="2020-10-16T10:48:53Z" finished-at="2020-10-16T10:48:56Z">
          <reporter-output>
          </reporter-output>
        </test-method> <!-- configAM -->
        <test-method status="PASS" signature="configAC()[pri:0, instance:com.autodesk.contacttest.CreateContactTest@e50a6f6]" name="configAC" is-config="true" duration-ms="142" started-at="2020-10-16T10:48:56Z" finished-at="2020-10-16T10:48:56Z">
          <reporter-output>
          </reporter-output>
        </test-method> <!-- configAC -->
      </class> <!-- com.autodesk.contacttest.CreateContactTest -->
    </test> <!-- Test-Chrome -->
    <test name="Test-Firefox" duration-ms="229887" started-at="2020-10-16T10:47:09Z" finished-at="2020-10-16T10:50:59Z">
      <class name="com.autodest.organizationTest.CreateOrgTest">
        <test-method status="PASS" signature="configBC(java.lang.String)[pri:0, instance:com.autodest.organizationTest.CreateOrgTest@327b636c]" name="configBC" is-config="true" duration-ms="17586" started-at="2020-10-16T10:49:23Z" finished-at="2020-10-16T10:49:41Z">
          <params>
            <param index="0">
              <value>
                <![CDATA[firefox]]>
              </value>
            </param>
          </params>
          <reporter-output>
          </reporter-output>
        </test-method> <!-- configBC -->
        <test-method status="PASS" signature="configBM()[pri:0, instance:com.autodest.organizationTest.CreateOrgTest@327b636c]" name="configBM" is-config="true" duration-ms="5515" started-at="2020-10-16T10:49:41Z" finished-at="2020-10-16T10:49:46Z">
          <reporter-output>
          </reporter-output>
        </test-method> <!-- configBM -->
        <test-method status="PASS" signature="createOrgTest()[pri:0, instance:com.autodest.organizationTest.CreateOrgTest@327b636c]" name="createOrgTest" duration-ms="26656" started-at="2020-10-16T10:49:46Z" finished-at="2020-10-16T10:50:13Z">
          <reporter-output>
          </reporter-output>
        </test-method> <!-- createOrgTest -->
        <test-method status="PASS" signature="configAM()[pri:0, instance:com.autodest.organizationTest.CreateOrgTest@327b636c]" name="configAM" is-config="true" duration-ms="2564" started-at="2020-10-16T10:50:13Z" finished-at="2020-10-16T10:50:15Z">
          <reporter-output>
          </reporter-output>
        </test-method> <!-- configAM -->
        <test-method status="PASS" signature="configBM()[pri:0, instance:com.autodest.organizationTest.CreateOrgTest@327b636c]" name="configBM" is-config="true" duration-ms="3976" started-at="2020-10-16T10:50:15Z" finished-at="2020-10-16T10:50:19Z">
          <reporter-output>
          </reporter-output>
        </test-method> <!-- configBM -->
        <test-method status="PASS" signature="createOrgWithIndustryTest()[pri:0, instance:com.autodest.organizationTest.CreateOrgTest@327b636c]" name="createOrgWithIndustryTest" duration-ms="23388" started-at="2020-10-16T10:50:19Z" finished-at="2020-10-16T10:50:43Z">
          <reporter-output>
          </reporter-output>
        </test-method> <!-- createOrgWithIndustryTest -->
        <test-method status="PASS" signature="configAM()[pri:0, instance:com.autodest.organizationTest.CreateOrgTest@327b636c]" name="configAM" is-config="true" duration-ms="11314" started-at="2020-10-16T10:50:43Z" finished-at="2020-10-16T10:50:54Z">
          <reporter-output>
          </reporter-output>
        </test-method> <!-- configAM -->
        <test-method status="PASS" signature="configAC()[pri:0, instance:com.autodest.organizationTest.CreateOrgTest@327b636c]" name="configAC" is-config="true" duration-ms="4723" started-at="2020-10-16T10:50:54Z" finished-at="2020-10-16T10:50:59Z">
          <reporter-output>
          </reporter-output>
        </test-method> <!-- configAC -->
      </class> <!-- com.autodest.organizationTest.CreateOrgTest -->
      <class name="com.autodesk.contacttest.CreateContactTest">
        <test-method status="PASS" signature="configBS()[pri:0, instance:com.autodesk.contacttest.CreateContactTest@6ab7a896]" name="configBS" is-config="true" duration-ms="18" started-at="2020-10-16T10:47:09Z" finished-at="2020-10-16T10:47:09Z">
          <reporter-output>
          </reporter-output>
        </test-method> <!-- configBS -->
        <test-method status="PASS" signature="configBC(java.lang.String)[pri:0, instance:com.autodesk.contacttest.CreateContactTest@6ab7a896]" name="configBC" is-config="true" duration-ms="38542" started-at="2020-10-16T10:47:09Z" finished-at="2020-10-16T10:47:47Z">
          <params>
            <param index="0">
              <value>
                <![CDATA[firefox]]>
              </value>
            </param>
          </params>
          <reporter-output>
          </reporter-output>
        </test-method> <!-- configBC -->
        <test-method status="PASS" signature="configBM()[pri:0, instance:com.autodesk.contacttest.CreateContactTest@6ab7a896]" name="configBM" is-config="true" duration-ms="5785" started-at="2020-10-16T10:47:47Z" finished-at="2020-10-16T10:47:53Z">
          <reporter-output>
          </reporter-output>
        </test-method> <!-- configBM -->
        <test-method status="PASS" signature="createContactTest()[pri:0, instance:com.autodesk.contacttest.CreateContactTest@6ab7a896]" name="createContactTest" duration-ms="25483" started-at="2020-10-16T10:47:53Z" finished-at="2020-10-16T10:48:19Z">
          <reporter-output>
          </reporter-output>
        </test-method> <!-- createContactTest -->
        <test-method status="PASS" signature="configAM()[pri:0, instance:com.autodesk.contacttest.CreateContactTest@6ab7a896]" name="configAM" is-config="true" duration-ms="3615" started-at="2020-10-16T10:48:19Z" finished-at="2020-10-16T10:48:22Z">
          <reporter-output>
          </reporter-output>
        </test-method> <!-- configAM -->
        <test-method status="PASS" signature="configBM()[pri:0, instance:com.autodesk.contacttest.CreateContactTest@6ab7a896]" name="configBM" is-config="true" duration-ms="3642" started-at="2020-10-16T10:48:22Z" finished-at="2020-10-16T10:48:26Z">
          <reporter-output>
          </reporter-output>
        </test-method> <!-- configBM -->
        <test-method status="FAIL" signature="createContactWithOrg()[pri:0, instance:com.autodesk.contacttest.CreateContactTest@6ab7a896]" name="createContactWithOrg" duration-ms="36649" started-at="2020-10-16T10:48:26Z" finished-at="2020-10-16T10:49:03Z">
          <exception class="org.openqa.selenium.InvalidArgumentException">
            <message>
              <![CDATA[Expected "handle" to be a string, got [object Undefined] undefined
Build info: version: '3.141.59', revision: 'e82be7d358', time: '2018-11-14T08:17:03'
System info: host: 'TY-DEEPAK-TR', ip: '192.168.1.152', os.name: 'Windows 10', os.arch: 'amd64', os.version: '10.0', java.version: '1.8.0_161'
Driver info: org.openqa.selenium.firefox.FirefoxDriver
Capabilities {acceptInsecureCerts: true, browserName: firefox, browserVersion: 81.0.2, javascriptEnabled: true, moz:accessibilityChecks: false, moz:buildID: 20201012085804, moz:geckodriverVersion: 0.24.0, moz:headless: false, moz:processID: 4664, moz:profile: C:\Users\Deepak\AppData\Loc..., moz:shutdownTimeout: 60000, moz:useNonSpecCompliantPointerOrigin: false, moz:webdriverClick: true, pageLoadStrategy: normal, platform: WINDOWS, platformName: WINDOWS, platformVersion: 10.0, rotatable: false, setWindowRect: true, strictFileInteractability: false, timeouts: {implicit: 0, pageLoad: 300000, script: 30000}, unhandledPromptBehavior: dismiss and notify}
Session ID: 61849b24-38ce-4115-829c-7749bc87b5b8]]>
            </message>
            <full-stacktrace>
              <![CDATA[org.openqa.selenium.InvalidArgumentException: Expected "handle" to be a string, got [object Undefined] undefined
Build info: version: '3.141.59', revision: 'e82be7d358', time: '2018-11-14T08:17:03'
System info: host: 'TY-DEEPAK-TR', ip: '192.168.1.152', os.name: 'Windows 10', os.arch: 'amd64', os.version: '10.0', java.version: '1.8.0_161'
Driver info: org.openqa.selenium.firefox.FirefoxDriver
Capabilities {acceptInsecureCerts: true, browserName: firefox, browserVersion: 81.0.2, javascriptEnabled: true, moz:accessibilityChecks: false, moz:buildID: 20201012085804, moz:geckodriverVersion: 0.24.0, moz:headless: false, moz:processID: 4664, moz:profile: C:\Users\Deepak\AppData\Loc..., moz:shutdownTimeout: 60000, moz:useNonSpecCompliantPointerOrigin: false, moz:webdriverClick: true, pageLoadStrategy: normal, platform: WINDOWS, platformName: WINDOWS, platformVersion: 10.0, rotatable: false, setWindowRect: true, strictFileInteractability: false, timeouts: {implicit: 0, pageLoad: 300000, script: 30000}, unhandledPromptBehavior: dismiss and notify}
Session ID: 61849b24-38ce-4115-829c-7749bc87b5b8
at sun.reflect.NativeConstructorAccessorImpl.newInstance0(Native Method)
at sun.reflect.NativeConstructorAccessorImpl.newInstance(NativeConstructorAccessorImpl.java:62)
at sun.reflect.DelegatingConstructorAccessorImpl.newInstance(DelegatingConstructorAccessorImpl.java:45)
at java.lang.reflect.Constructor.newInstance(Constructor.java:423)
at org.openqa.selenium.remote.http.W3CHttpResponseCodec.createException(W3CHttpResponseCodec.java:187)
at org.openqa.selenium.remote.http.W3CHttpResponseCodec.decode(W3CHttpResponseCodec.java:122)
at org.openqa.selenium.remote.http.W3CHttpResponseCodec.decode(W3CHttpResponseCodec.java:49)
at org.openqa.selenium.remote.HttpCommandExecutor.execute(HttpCommandExecutor.java:158)
at org.openqa.selenium.remote.service.DriverCommandExecutor.execute(DriverCommandExecutor.java:83)
at org.openqa.selenium.remote.RemoteWebDriver.execute(RemoteWebDriver.java:552)
at org.openqa.selenium.remote.RemoteWebDriver$RemoteTargetLocator.window(RemoteWebDriver.java:903)
at com.autodest.genericUtils.WebDriverUtility.switchToBrowser(WebDriverUtility.java:105)
at com.autodesk.pomrepositorylib.CreateNewConatct.createConatct(CreateNewConatct.java:35)
at com.autodesk.contacttest.CreateContactTest.createContactWithOrg(CreateContactTest.java:90)
at sun.reflect.NativeMethodAccessorImpl.invoke0(Native Method)
at sun.reflect.NativeMethodAccessorImpl.invoke(NativeMethodAccessorImpl.java:62)
at sun.reflect.DelegatingMethodAccessorImpl.invoke(DelegatingMethodAccessorImpl.java:43)
at java.lang.reflect.Method.invoke(Method.java:498)
at org.testng.internal.MethodInvocationHelper.invokeMethod(MethodInvocationHelper.java:124)
at org.testng.internal.Invoker.invokeMethod(Invoker.java:583)
at org.testng.internal.Invoker.invokeTestMethod(Invoker.java:719)
at org.testng.internal.Invoker.invokeTestMethods(Invoker.java:989)
at org.testng.internal.TestMethodWorker.invokeTestMethods(TestMethodWorker.java:125)
at org.testng.internal.TestMethodWorker.run(TestMethodWorker.java:109)
at org.testng.TestRunner.privateRun(TestRunner.java:648)
at org.testng.TestRunner.run(TestRunner.java:505)
at org.testng.SuiteRunner.runTest(SuiteRunner.java:455)
at org.testng.SuiteRunner.access$000(SuiteRunner.java:40)
at org.testng.SuiteRunner$SuiteWorker.run(SuiteRunner.java:489)
at org.testng.internal.thread.ThreadUtil$1.call(ThreadUtil.java:52)
at java.util.concurrent.FutureTask.run(FutureTask.java:266)
at java.util.concurrent.ThreadPoolExecutor.runWorker(ThreadPoolExecutor.java:1149)
at java.util.concurrent.ThreadPoolExecutor$Worker.run(ThreadPoolExecutor.java:624)
at java.lang.Thread.run(Thread.java:748)
]]>
            </full-stacktrace>
          </exception> <!-- org.openqa.selenium.InvalidArgumentException -->
          <reporter-output>
          </reporter-output>
        </test-method> <!-- createContactWithOrg -->
        <test-method status="FAIL" signature="configAM()[pri:0, instance:com.autodesk.contacttest.CreateContactTest@6ab7a896]" name="configAM" is-config="true" duration-ms="20375" started-at="2020-10-16T10:49:03Z" finished-at="2020-10-16T10:49:23Z">
          <exception class="org.openqa.selenium.NoSuchElementException">
            <message>
              <![CDATA[Unable to locate element: Sign Out
For documentation on this error, please visit: https://www.seleniumhq.org/exceptions/no_such_element.html
Build info: version: '3.141.59', revision: 'e82be7d358', time: '2018-11-14T08:17:03'
System info: host: 'TY-DEEPAK-TR', ip: '192.168.1.152', os.name: 'Windows 10', os.arch: 'amd64', os.version: '10.0', java.version: '1.8.0_161'
Driver info: org.openqa.selenium.firefox.FirefoxDriver
Capabilities {acceptInsecureCerts: true, browserName: firefox, browserVersion: 81.0.2, javascriptEnabled: true, moz:accessibilityChecks: false, moz:buildID: 20201012085804, moz:geckodriverVersion: 0.24.0, moz:headless: false, moz:processID: 4664, moz:profile: C:\Users\Deepak\AppData\Loc..., moz:shutdownTimeout: 60000, moz:useNonSpecCompliantPointerOrigin: false, moz:webdriverClick: true, pageLoadStrategy: normal, platform: WINDOWS, platformName: WINDOWS, platformVersion: 10.0, rotatable: false, setWindowRect: true, strictFileInteractability: false, timeouts: {implicit: 0, pageLoad: 300000, script: 30000}, unhandledPromptBehavior: dismiss and notify}
Session ID: 61849b24-38ce-4115-829c-7749bc87b5b8
*** Element info: {Using=link text, value=Sign Out}]]>
            </message>
            <full-stacktrace>
              <![CDATA[org.openqa.selenium.NoSuchElementException: Unable to locate element: Sign Out
For documentation on this error, please visit: https://www.seleniumhq.org/exceptions/no_such_element.html
Build info: version: '3.141.59', revision: 'e82be7d358', time: '2018-11-14T08:17:03'
System info: host: 'TY-DEEPAK-TR', ip: '192.168.1.152', os.name: 'Windows 10', os.arch: 'amd64', os.version: '10.0', java.version: '1.8.0_161'
Driver info: org.openqa.selenium.firefox.FirefoxDriver
Capabilities {acceptInsecureCerts: true, browserName: firefox, browserVersion: 81.0.2, javascriptEnabled: true, moz:accessibilityChecks: false, moz:buildID: 20201012085804, moz:geckodriverVersion: 0.24.0, moz:headless: false, moz:processID: 4664, moz:profile: C:\Users\Deepak\AppData\Loc..., moz:shutdownTimeout: 60000, moz:useNonSpecCompliantPointerOrigin: false, moz:webdriverClick: true, pageLoadStrategy: normal, platform: WINDOWS, platformName: WINDOWS, platformVersion: 10.0, rotatable: false, setWindowRect: true, strictFileInteractability: false, timeouts: {implicit: 0, pageLoad: 300000, script: 30000}, unhandledPromptBehavior: dismiss and notify}
Session ID: 61849b24-38ce-4115-829c-7749bc87b5b8
*** Element info: {Using=link text, value=Sign Out}
at sun.reflect.NativeConstructorAccessorImpl.newInstance0(Native Method)
at sun.reflect.NativeConstructorAccessorImpl.newInstance(NativeConstructorAccessorImpl.java:62)
at sun.reflect.DelegatingConstructorAccessorImpl.newInstance(DelegatingConstructorAccessorImpl.java:45)
at java.lang.reflect.Constructor.newInstance(Constructor.java:423)
at org.openqa.selenium.remote.http.W3CHttpResponseCodec.createException(W3CHttpResponseCodec.java:187)
at org.openqa.selenium.remote.http.W3CHttpResponseCodec.decode(W3CHttpResponseCodec.java:122)
at org.openqa.selenium.remote.http.W3CHttpResponseCodec.decode(W3CHttpResponseCodec.java:49)
at org.openqa.selenium.remote.HttpCommandExecutor.execute(HttpCommandExecutor.java:158)
at org.openqa.selenium.remote.service.DriverCommandExecutor.execute(DriverCommandExecutor.java:83)
at org.openqa.selenium.remote.RemoteWebDriver.execute(RemoteWebDriver.java:552)
at org.openqa.selenium.remote.RemoteWebDriver.findElement(RemoteWebDriver.java:323)
at org.openqa.selenium.remote.RemoteWebDriver.findElementByLinkText(RemoteWebDriver.java:380)
at org.openqa.selenium.By$ByLinkText.findElement(By.java:220)
at org.openqa.selenium.remote.RemoteWebDriver.findElement(RemoteWebDriver.java:315)
at org.openqa.selenium.support.pagefactory.DefaultElementLocator.findElement(DefaultElementLocator.java:69)
at org.openqa.selenium.support.pagefactory.internal.LocatingElementHandler.invoke(LocatingElementHandler.java:38)
at com.sun.proxy.$Proxy14.click(Unknown Source)
at com.autodesk.pomrepositorylib.Home.logout(Home.java:50)
at com.autodest.genericUtils.BaseClass.configAM(BaseClass.java:76)
at sun.reflect.NativeMethodAccessorImpl.invoke0(Native Method)
at sun.reflect.NativeMethodAccessorImpl.invoke(NativeMethodAccessorImpl.java:62)
at sun.reflect.DelegatingMethodAccessorImpl.invoke(DelegatingMethodAccessorImpl.java:43)
at java.lang.reflect.Method.invoke(Method.java:498)
at org.testng.internal.MethodInvocationHelper.invokeMethod(MethodInvocationHelper.java:124)
at org.testng.internal.MethodInvocationHelper.invokeMethodConsideringTimeout(MethodInvocationHelper.java:59)
at org.testng.internal.Invoker.invokeConfigurationMethod(Invoker.java:458)
at org.testng.internal.Invoker.invokeConfigurations(Invoker.java:222)
at org.testng.internal.Invoker.invokeMethod(Invoker.java:646)
at org.testng.internal.Invoker.invokeTestMethod(Invoker.java:719)
at org.testng.internal.Invoker.invokeTestMethods(Invoker.java:989)
at org.testng.internal.TestMethodWorker.invokeTestMethods(TestMethodWorker.java:125)
at org.testng.internal.TestMethodWorker.run(TestMethodWorker.java:109)
at org.testng.TestRunner.privateRun(TestRunner.java:648)
at org.testng.TestRunner.run(TestRunner.java:505)
at org.testng.SuiteRunner.runTest(SuiteRunner.java:455)
at org.testng.SuiteRunner.access$000(SuiteRunner.java:40)
at org.testng.SuiteRunner$SuiteWorker.run(SuiteRunner.java:489)
at org.testng.internal.thread.ThreadUtil$1.call(ThreadUtil.java:52)
at java.util.concurrent.FutureTask.run(FutureTask.java:266)
at java.util.concurrent.ThreadPoolExecutor.runWorker(ThreadPoolExecutor.java:1149)
at java.util.concurrent.ThreadPoolExecutor$Worker.run(ThreadPoolExecutor.java:624)
at java.lang.Thread.run(Thread.java:748)
]]>
            </full-stacktrace>
          </exception> <!-- org.openqa.selenium.NoSuchElementException -->
          <reporter-output>
          </reporter-output>
        </test-method> <!-- configAM -->
        <test-method status="SKIP" signature="configAC()[pri:0, instance:com.autodesk.contacttest.CreateContactTest@6ab7a896]" name="configAC" is-config="true" duration-ms="0" started-at="2020-10-16T10:49:23Z" finished-at="2020-10-16T10:49:23Z">
          <reporter-output>
          </reporter-output>
        </test-method> <!-- configAC -->
        <test-method status="PASS" signature="configBS1()[pri:0, instance:com.autodesk.contacttest.CreateContactTest@6ab7a896]" name="configBS1" is-config="true" duration-ms="1" started-at="2020-10-16T10:50:59Z" finished-at="2020-10-16T10:50:59Z">
          <reporter-output>
          </reporter-output>
        </test-method> <!-- configBS1 -->
      </class> <!-- com.autodesk.contacttest.CreateContactTest -->
    </test> <!-- Test-Firefox -->
  </suite> <!-- Suite -->
</testng-results>
